<?xml version="1.0" encoding="UTF-8"?>
<testsuite name="com.gildedrose.GildedRoseTest" tests="1" skipped="0" failures="0" errors="0" timestamp="2024-10-29T10:14:41" hostname="LVAGPLTP6504" time="0.012">
  <properties/>
  <testcase name="foo()" classname="com.gildedrose.GildedRoseTest" time="0.012"/>
  <system-out><![CDATA[]]></system-out>
  <system-err><![CDATA[]]></system-err>
</testsuite>
